[]
{0: (0.0, 9), 1: (0.0, 7), 2: (0.0, 12), 3: (0.0, 4), 4: (0.0, 6), 5: (0.0, 4)}
3
3
[7]
{0: (0.1111111111111111, 8), 1: (0.0, 7), 2: (0.0, 12), 3: (0.0, 4), 4: (0.0, 6), 5: (0.0, 4)}
7
7
[]
{0: (0.2222222222222222, 7), 1: (0.0, 7), 2: (0.0, 12), 3: (0.0, 4), 4: (0.0, 6), 5: (0.0, 4)}
11
11
[14, 15]
{0: (0.2222222222222222, 7), 1: (0.14285714285714285, 6), 2: (0.0, 12), 3: (0.0, 4), 4: (0.0, 6), 5: (0.0, 4)}
14
14
[16, 26, 22]
{0: (0.2222222222222222, 7), 1: (0.2857142857142857, 5), 2: (0.0, 12), 3: (0.0, 4), 4: (0.0, 6), 5: (0.0, 4)}
16
16
[18, 26]
{0: (0.2222222222222222, 7), 1: (0.2857142857142857, 5), 2: (0.08333333333333333, 11), 3: (0.0, 4), 4: (0.0, 6), 5: (0.0, 4)}
18
26
[18]
{0: (0.2222222222222222, 7), 1: (0.2857142857142857, 5), 2: (0.16666666666666666, 10), 3: (0.0, 4), 4: (0.0, 6), 5: (0.0, 4)}
18
18
[]
{0: (0.2222222222222222, 7), 1: (0.2857142857142857, 5), 2: (0.25, 9), 3: (0.0, 4), 4: (0.0, 6), 5: (0.0, 4)}
38
38
