{0: (0.0, 9), 1: (0.0, 7), 2: (0.0, 12), 3: (0.0, 4), 4: (0.0, 6), 5: (0.0, 4)}
3
3
{0: (0.1111111111111111, 8), 1: (0.0, 7), 2: (0.0, 12), 3: (0.0, 4), 4: (0.0, 6), 5: (0.0, 4)}
6
6
{0: (0.2222222222222222, 7), 1: (0.0, 7), 2: (0.0, 12), 3: (0.0, 4), 4: (0.0, 6), 5: (0.0, 4)}
9
9
{0: (0.2222222222222222, 7), 1: (0.14285714285714285, 6), 2: (0.0, 12), 3: (0.0, 4), 4: (0.0, 6), 5: (0.0, 4)}
11
11
{0: (0.2222222222222222, 7), 1: (0.2857142857142857, 5), 2: (0.0, 12), 3: (0.0, 4), 4: (0.0, 6), 5: (0.0, 4)}
15
15
{0: (0.2222222222222222, 7), 1: (0.42857142857142855, 4), 2: (0.0, 12), 3: (0.0, 4), 4: (0.0, 6), 5: (0.0, 4)}
18
18
{0: (0.2222222222222222, 7), 1: (0.42857142857142855, 4), 2: (0.08333333333333333, 11), 3: (0.0, 4), 4: (0.0, 6), 5: (0.0, 4)}
33
33
{0: (0.2222222222222222, 7), 1: (0.42857142857142855, 4), 2: (0.08333333333333333, 11), 3: (0.0, 4), 4: (0.16666666666666666, 5), 5: (0.0, 4)}
38
38
