Updated target continent: 3
Updated target continent: 1
26 [16, 17, 18, 19, 20, 21, 22, 23, 24, 25, 26, 27] 1
16 [16, 17, 18, 19, 20, 21, 22, 23, 24, 25, 26, 27] 1
11 [9, 10, 11, 12, 13, 14, 15] 1
16 [16, 17, 18, 19, 20, 21, 22, 23, 24, 25, 26, 27] 1
12 [9, 10, 11, 12, 13, 14, 15] 1
16 [16, 17, 18, 19, 20, 21, 22, 23, 24, 25, 26, 27] 1
Updated target continent: 1
11 [9, 10, 11, 12, 13, 14, 15] 1
26 [16, 17, 18, 19, 20, 21, 22, 23, 24, 25, 26, 27] 1
12 [9, 10, 11, 12, 13, 14, 15] 1
26 [16, 17, 18, 19, 20, 21, 22, 23, 24, 25, 26, 27] 1
Updated target continent: 2
12 [9, 10, 11, 12, 13, 14, 15] 2
25 [16, 17, 18, 19, 20, 21, 22, 23, 24, 25, 26, 27] 2
Updated target continent: 2
19 [16, 17, 18, 19, 20, 21, 22, 23, 24, 25, 26, 27] 2
27 [16, 17, 18, 19, 20, 21, 22, 23, 24, 25, 26, 27] 2
12 [9, 10, 11, 12, 13, 14, 15] 2
27 [16, 17, 18, 19, 20, 21, 22, 23, 24, 25, 26, 27] 2
23 [16, 17, 18, 19, 20, 21, 22, 23, 24, 25, 26, 27] 2
27 [16, 17, 18, 19, 20, 21, 22, 23, 24, 25, 26, 27] 2
Updated target continent: 2
12 [9, 10, 11, 12, 13, 14, 15] 2
19 [16, 17, 18, 19, 20, 21, 22, 23, 24, 25, 26, 27] 2
Updated target continent: 2
Updated target continent: 2
Updated target continent: 2
Updated target continent: 2
Updated target continent: 2
Updated target continent: 2
Updated target continent: 2
Updated target continent: 2
Updated target continent: 2
Updated target continent: 2
Updated target continent: 2
Updated target continent: 2
Updated target continent: 2
Updated target continent: 2
Updated target continent: 2
Updated target continent: 2
Updated target continent: 2
Updated target continent: 2
Updated target continent: 2
Updated target continent: 2
Updated target continent: 2
Updated target continent: 2
Updated target continent: 2
Updated target continent: 0
Updated target continent: 0
Updated target continent: 0
Updated target continent: 0
Updated target continent: 0
Updated target continent: 0
Updated target continent: 0
Updated target continent: 0
Updated target continent: 0
Updated target continent: 0
Updated target continent: 0
Updated target continent: 0
Updated target continent: 0
Updated target continent: 0
Updated target continent: 0
Updated target continent: 0
Updated target continent: 0
Updated target continent: 0
Updated target continent: 0
Updated target continent: 0
Updated target continent: 0
Updated target continent: 0
Updated target continent: 0
Updated target continent: 0
Updated target continent: 0
Updated target continent: 0
Updated target continent: 0
Updated target continent: 0
Updated target continent: 0
Updated target continent: 0
Updated target continent: 0
Updated target continent: 0
Updated target continent: 0
Updated target continent: 0
Updated target continent: 0
Updated target continent: 0
Updated target continent: 0
Updated target continent: 0
Updated target continent: 0
Updated target continent: 0
Updated target continent: 0
Updated target continent: 0
Updated target continent: 0
Updated target continent: 0
Updated target continent: 0
Updated target continent: 0
Updated target continent: 0
Updated target continent: 0
Updated target continent: 0
Updated target continent: 0
Updated target continent: 0
Updated target continent: 0
Updated target continent: 0
Updated target continent: 0
Updated target continent: 1
Updated target continent: 1
Updated target continent: 1
Updated target continent: 1
Updated target continent: 1
Updated target continent: 1
Updated target continent: 1
Updated target continent: 1
Updated target continent: 1
Updated target continent: 1
