{0: (0.0, 9), 1: (0.0, 7), 2: (0.0, 12), 3: (0.0, 4), 4: (0.16666666666666666, 5), 5: (0.0, 4)}
33
33
{0: (0.0, 9), 1: (0.0, 7), 2: (0.0, 12), 3: (0.0, 4), 4: (0.3333333333333333, 4), 5: (0.0, 4)}
35
37
{0: (0.0, 9), 1: (0.0, 7), 2: (0.0, 12), 3: (0.0, 4), 4: (0.5, 3), 5: (0.0, 4)}
35
35
{0: (0.0, 9), 1: (0.0, 7), 2: (0.0, 12), 3: (0.0, 4), 4: (0.6666666666666666, 2), 5: (0.0, 4)}
2
2
{0: (0.1111111111111111, 8), 1: (0.0, 7), 2: (0.0, 12), 3: (0.0, 4), 4: (0.6666666666666666, 2), 5: (0.0, 4)}
3
3
{0: (0.2222222222222222, 7), 1: (0.0, 7), 2: (0.0, 12), 3: (0.0, 4), 4: (0.6666666666666666, 2), 5: (0.0, 4)}
30
30
{0: (0.2222222222222222, 7), 1: (0.0, 7), 2: (0.0, 12), 3: (0.25, 3), 4: (0.6666666666666666, 2), 5: (0.0, 4)}
38
38
